ANS oyfdtvixey
>>> oaidihprmu 2
>>> mmiaitampi 0
>>> ndhxfknomu 0
>>> oyfdtvixey 10
4
ANS meinwlzpde
>>> waasntlpfv 1
>>> angcyympur 1
>>> phgpnbuodj 1
>>> eyecnmouty 0
>>> wtgiqvvrab 0
>>> meinwlzpde 10
6
ANS boucsdbhot
>>> ravnoisgcx 0
>>> odagbhjjpu 0
>>> qcphtwahtn 1
>>> kcwchniqzw 1
>>> tvycrsfatd 1
>>> boucsdbhot 10
6
ANS uuuusjxdoa
>>> qajusfmuwl 2
>>> kaaorbxuxe 1
>>> bxhnccmuas 0
>>> uuuusjxdoa 10
4
ANS inewcylyqj
>>> ieitvkymmn 1
>>> qrstqllqqp 2
>>> inewcylyqj 10
3
ANS lnqeyubtbb
>>> zxpwbwxtrr 1
>>> exkqxfekcg 0
>>> judgvzogrf 0
>>> zqivrmpwgs 0
>>> lnqeyubtbb 10
5
ANS zxeundzqaq
>>> hmpixfvsoc 0
>>> fszymkczvk 0
>>> syywfqbemn 0
>>> zxeundzqaq 10
4
ANS uybfjfdvci
>>> jlcqfnzicb 1
>>> wpmduiitcs 1
>>> lagnjpydcf 2
>>> lwxbiynacg 1
>>> uybfjfdvci 10
5
ANS fyofujazsu
>>> qbgdubvmno 1
>>> patxqytqna 0
>>> zkpfvbqrlf 1
>>> mvzggbizyi 1
>>> hqharbztkd 0
>>> fyofujazsu 10
6
ANS skkoqidjoy
>>> reqsejleyo 0
>>> ldcxzhalvw 0
>>> skkoqidjoy 10
3
ANS chqefdipus
>>> chkrcvqbue 3
>>> chqefdipus 10
2
ANS aiqjnxxott
>>> xcimzgajit 1
>>> mzwbdamfio 0
>>> ccgeqigswi 0
>>> xsxtrcrkvr 0
>>> aiqjnxxott 10
5
ANS bayzsdlzbj
>>> utcnqruptj 1
>>> xhpxprsniq 0
>>> tvgbllucet 0
>>> uieyfttkub 0
>>> zoqgzjnxtx 0
>>> lcbwqcevvg 0
>>> bayzsdlzbj 10
7
ANS zqmyxkpszh
>>> iikxwiviuh 1
>>> dlsgztbsfh 2
>>> pprnaxksyh 2
>>> zqmyxkpszh 10
4
ANS uhjjagdfqz
>>> znjicvbpoy 1
>>> hlsylvpuak 0
>>> xkuvgzaeky 0
>>> suljodbawz 2
>>> wdlititwwu 0
>>> uhjjagdfqz 10
6
ANS kumckkwyok
>>> lhxxtcbspj 0
>>> kykkwqvozh 1
>>> utykpfqkja 0
>>> kslpihdinc 1
>>> psndmkldzo 1
>>> kumckkwyok 10
6
ANS hknfktdlxr
>>> vjaupserdr 1
>>> yjvmvkzecn 0
>>> tzxhrsdjva 1
>>> tcyyguefqe 0
>>> jffsbsabai 0
>>> hknfktdlxr 10
6
ANS osbymhtote
>>> tlnaetsoet 1
>>> wcnhrmccls 0
>>> uevjjhqyef 1
>>> mepacunthe 1
>>> osbymhtote 10
5
ANS drcthihpsk
>>> tjjsmhsbao 0
>>> uiguswlfqv 0
>>> luuowcncek 1
>>> vowgwpgnns 0
>>> drcthihpsk 10
5
ANS mvsxhvaobw
>>> bycejhaxko 1
>>> lgheqvptgz 1
>>> cgcvusiqbv 1
>>> gxfmbhpbbu 1
>>> mvsxhvaobw 10
5
ANS miixjmrccr
>>> bwcgszcbuk 0
>>> iigefvmpds 1
>>> wvroredrdf 0
>>> eifqxpklrn 1
>>> ftdmkwmhrr 1
>>> vpwqvufplr 1
>>> miixjmrccr 10
7
ANS noljquqrpn
>>> paqkiozuis 0
>>> xwpgkgmzdf 0
>>> cirausjpso 0
>>> tdemdneekp 0
>>> ajmumlgrei 1
>>> jjhcyhynlb 0
>>> noljquqrpn 10
7
ANS hgqryhvsld
>>> yvxtnekuzl 0
>>> czwxeqmnxd 1
>>> exqpstfnqp 1
>>> kjybchonor 1
>>> hgqryhvsld 10
5
ANS dacspnipxo
>>> jofreysayl 0
>>> tgkphxrxdp 0
>>> krumpauqwr 1
>>> mmtuxvuguy 0
>>> iiuccufttn 0
>>> kplqgfyzxf 1
>>> dacspnipxo 10
7
ANS gnblcchabj
>>> zxphaalutb 0
>>> lfljrjdibp 1
>>> mfgokdxasx 1
>>> cwcoljocnk 0
>>> ekajgtrvlx 0
>>> lcompyxbgy 0
>>> gnblcchabj 10
7
ANS mdqnsgqthh
>>> ahsfplzphh 2
>>> mdqnsgqthh 10
2
{2: 2, 3: 2, 4: 4, 5: 7, 6: 6, 7: 5}
